2020-12-05 19:52:47,715 INFO  [restartedMain] BackendresearchbrApplication : Starting BackendresearchbrApplication using Java 1.8.0_275 on tf with PID 25792 (/home/tiagofalcon/Documents/EaD_ADS/ciclo_5/Ead_Projeto_Aplicado/projeto/researchbr/backendresearchbr/build/classes/java/main started by tiagofalcon in /home/tiagofalcon/Documents/EaD_ADS/ciclo_5/Ead_Projeto_Aplicado/projeto/researchbr/backendresearchbr)
2020-12-05 19:52:47,746 INFO  [restartedMain] BackendresearchbrApplication : The following profiles are active: dev
2020-12-05 19:52:48,061 WARN  [restartedMain] ConfigDataEnvironment : Property 'spring.profiles' imported from location 'class path resource [application.yaml]' is invalid and should be replaced with 'spring.config.activate.on-profile' [origin: class path resource [application.yaml] - 41:13]
2020-12-05 19:52:48,062 WARN  [restartedMain] ConfigDataEnvironment : Property 'spring.profiles' imported from location 'class path resource [application.yaml]' is invalid and should be replaced with 'spring.config.activate.on-profile' [origin: class path resource [application.yaml] - 11:13]
2020-12-05 19:52:48,064 INFO  [restartedMain] ChangeableUrls : The Class-Path manifest attribute in /home/tiagofalcon/Documents/EaD_ADS/ciclo_5/Ead_Projeto_Aplicado/projeto/researchbr/ojdbc8.jar referenced one or more files that do not exist: file:/home/tiagofalcon/Documents/EaD_ADS/ciclo_5/Ead_Projeto_Aplicado/projeto/researchbr/oraclepki.jar
2020-12-05 19:52:48,064 INFO  [restartedMain] DevToolsPropertyDefaultsPostProcessor : Devtools property defaults active! Set 'spring.devtools.add-properties' to 'false' to disable
2020-12-05 19:52:48,065 INFO  [restartedMain] DevToolsPropertyDefaultsPostProcessor : For additional web related logging consider setting the 'logging.level.web' property to 'DEBUG'
2020-12-05 19:52:53,616 INFO  [restartedMain] RepositoryConfigurationDelegate : Bootstrapping Spring Data JPA repositories in DEFERRED mode.
2020-12-05 19:52:53,739 INFO  [restartedMain] RepositoryConfigurationDelegate : Finished Spring Data repository scanning in 111 ms. Found 6 JPA repository interfaces.
2020-12-05 19:52:54,046 INFO  [restartedMain] ConfigurationClassPostProcessor : Cannot enhance @Configuration bean definition 'org.springframework.security.oauth2.config.annotation.web.configuration.AuthorizationServerEndpointsConfiguration$TokenKeyEndpointRegistrar' since its singleton instance has been created too early. The typical cause is a non-static @Bean method with a BeanDefinitionRegistryPostProcessor return type: Consider declaring such methods as 'static'.
2020-12-05 19:52:54,660 INFO  [restartedMain] PostProcessorRegistrationDelegate$BeanPostProcessorChecker : Bean 'org.springframework.security.access.expression.method.DefaultMethodSecurityExpressionHandler@369bf2b4' of type [org.springframework.security.access.expression.method.DefaultMethodSecurityExpressionHandler] is not eligible for getting processed by all BeanPostProcessors (for example: not eligible for auto-proxying)
2020-12-05 19:52:54,668 INFO  [restartedMain] PostProcessorRegistrationDelegate$BeanPostProcessorChecker : Bean 'methodSecurityMetadataSource' of type [org.springframework.security.access.method.DelegatingMethodSecurityMetadataSource] is not eligible for getting processed by all BeanPostProcessors (for example: not eligible for auto-proxying)
2020-12-05 19:52:55,756 INFO  [restartedMain] TomcatWebServer : Tomcat initialized with port(s): 8080 (http)
2020-12-05 19:52:55,884 INFO  [restartedMain] StandardService : Starting service [Tomcat]
2020-12-05 19:52:55,885 INFO  [restartedMain] StandardEngine : Starting Servlet engine: [Apache Tomcat/9.0.39]
2020-12-05 19:52:55,999 INFO  [restartedMain] [/] : Initializing Spring embedded WebApplicationContext
2020-12-05 19:52:55,999 INFO  [restartedMain] ServletWebServerApplicationContext : Root WebApplicationContext: initialization completed in 7933 ms
2020-12-05 19:52:56,484 INFO  [restartedMain] HikariDataSource : HikariPool-1 - Starting...
2020-12-05 19:52:57,499 INFO  [restartedMain] HikariDataSource : HikariPool-1 - Start completed.
2020-12-05 19:52:57,506 INFO  [restartedMain] H2ConsoleAutoConfiguration : H2 console available at '/h2-console'. Database available at 'jdbc:mysql://localhost:3306/backendresearchbr'
2020-12-05 19:52:57,744 INFO  [restartedMain] ThreadPoolTaskExecutor : Initializing ExecutorService 'applicationTaskExecutor'
2020-12-05 19:52:58,349 WARN  [restartedMain] JpaBaseConfiguration$JpaWebConfiguration : spring.jpa.open-in-view is enabled by default. Therefore, database queries may be performed during view rendering. Explicitly configure spring.jpa.open-in-view to disable this warning
2020-12-05 19:53:01,694 INFO  [task-1] LocalContainerEntityManagerFactoryBean : Initialized JPA EntityManagerFactory for persistence unit 'default'
2020-12-05 19:53:02,233 INFO  [task-2] OptionalLiveReloadServer : LiveReload server is running on port 35729
2020-12-05 19:53:02,530 WARN  [restartedMain] JwtAccessTokenConverter : Unable to create an RSA verifier from verifierKey (ignoreable if using MAC)
2020-12-05 19:53:03,689 INFO  [restartedMain] DefaultSecurityFilterChain : Will secure Or [Ant [pattern='/login'], Ant [pattern='/oauth/token_key'], Ant [pattern='/oauth/check_token']] with [org.springframework.security.web.context.request.async.WebAsyncManagerIntegrationFilter@70a9209e, org.springframework.security.web.context.SecurityContextPersistenceFilter@4c9dea02, org.springframework.security.web.header.HeaderWriterFilter@1314025d, org.springframework.security.web.authentication.logout.LogoutFilter@139231ff, org.springframework.security.web.authentication.www.BasicAuthenticationFilter@1b3dbba3, org.springframework.security.web.savedrequest.RequestCacheAwareFilter@73bc5409, org.springframework.security.web.servletapi.SecurityContextHolderAwareRequestFilter@7580d2e4, org.springframework.security.web.authentication.AnonymousAuthenticationFilter@5c0ac0f, org.springframework.security.web.session.SessionManagementFilter@457dbc55, org.springframework.security.web.access.ExceptionTranslationFilter@7f4a4f60, org.springframework.security.web.access.intercept.FilterSecurityInterceptor@2f65a2c7]
2020-12-05 19:53:03,717 INFO  [restartedMain] DefaultSecurityFilterChain : Will secure Or [org.springframework.security.oauth2.config.annotation.web.configuration.ResourceServerConfiguration$NotOAuthRequestMatcher@76ecf721] with [org.springframework.security.web.context.request.async.WebAsyncManagerIntegrationFilter@4565b35c, org.springframework.security.web.context.SecurityContextPersistenceFilter@632c148d, org.springframework.security.web.header.HeaderWriterFilter@d785180, org.springframework.web.filter.CorsFilter@4ccbaba4, org.springframework.security.web.authentication.logout.LogoutFilter@55803d55, org.springframework.security.oauth2.provider.authentication.OAuth2AuthenticationProcessingFilter@5fed26d, org.springframework.security.web.savedrequest.RequestCacheAwareFilter@23d7aae5, org.springframework.security.web.servletapi.SecurityContextHolderAwareRequestFilter@6cec0b4e, org.springframework.security.web.authentication.AnonymousAuthenticationFilter@a2937b7, org.springframework.security.web.session.SessionManagementFilter@791878ae, org.springframework.security.web.access.ExceptionTranslationFilter@79f73994, org.springframework.security.web.access.intercept.FilterSecurityInterceptor@d6979ab]
2020-12-05 19:53:03,722 INFO  [restartedMain] DefaultSecurityFilterChain : Will secure any request with [org.springframework.security.web.context.request.async.WebAsyncManagerIntegrationFilter@2164526d, org.springframework.security.web.context.SecurityContextPersistenceFilter@579157b2, org.springframework.security.web.header.HeaderWriterFilter@7fe54917, org.springframework.security.web.authentication.logout.LogoutFilter@1a5b9ccd, org.springframework.security.web.savedrequest.RequestCacheAwareFilter@3cbb2ea9, org.springframework.security.web.servletapi.SecurityContextHolderAwareRequestFilter@69c375d8, org.springframework.security.web.session.SessionManagementFilter@f84287d, org.springframework.security.web.access.ExceptionTranslationFilter@7413fa4b, org.springframework.security.web.access.intercept.FilterSecurityInterceptor@5fd07cb1]
2020-12-05 19:53:04,054 INFO  [restartedMain] TomcatWebServer : Tomcat started on port(s): 8080 (http) with context path ''
2020-12-05 19:53:04,056 INFO  [restartedMain] DeferredRepositoryInitializationListener : Triggering deferred initialization of Spring Data repositories…
2020-12-05 19:53:04,110 INFO  [restartedMain] DeferredRepositoryInitializationListener : Spring Data repositories initialized!
2020-12-05 19:53:04,125 INFO  [restartedMain] BackendresearchbrApplication : Started BackendresearchbrApplication in 17.637 seconds (JVM running for 19.007)
2020-12-05 19:56:18,946 INFO  [http-nio-8080-exec-1] [/] : Initializing Spring DispatcherServlet 'dispatcherServlet'
2020-12-05 19:56:20,295 INFO  [http-nio-8080-exec-5] ProjectController : Finding projects.
2020-12-05 19:56:20,295 WARN  [http-nio-8080-exec-5] ProjectController : The list can return null if no projects are available!
2020-12-05 19:56:20,317 INFO  [http-nio-8080-exec-3] UserController : Get user data by username principal
2020-12-05 19:57:37,474 INFO  [http-nio-8080-exec-9] ProjectController : Finding projects.
2020-12-05 19:57:37,474 WARN  [http-nio-8080-exec-9] ProjectController : The list can return null if no projects are available!
2020-12-05 19:57:37,477 INFO  [http-nio-8080-exec-8] UserController : Get user data by username principal
2020-12-05 20:01:39,984 INFO  [http-nio-8080-exec-4] ProjectController : Finding projects.
2020-12-05 20:01:39,985 WARN  [http-nio-8080-exec-4] ProjectController : The list can return null if no projects are available!
2020-12-05 20:01:39,986 INFO  [http-nio-8080-exec-2] UserController : Get user data by username principal
2020-12-05 20:01:50,494 INFO  [http-nio-8080-exec-5] ProjectController : Finding projects.
2020-12-05 20:01:50,495 WARN  [http-nio-8080-exec-5] ProjectController : The list can return null if no projects are available!
2020-12-05 20:01:50,497 INFO  [http-nio-8080-exec-3] UserController : Get user data by username principal
2020-12-05 20:04:33,462 INFO  [http-nio-8080-exec-9] UserController : Get user data by username principal
2020-12-05 20:04:33,473 INFO  [http-nio-8080-exec-10] ProjectController : Finding projects.
2020-12-05 20:04:33,474 WARN  [http-nio-8080-exec-10] ProjectController : The list can return null if no projects are available!
2020-12-05 20:11:22,898 WARN  [http-nio-8080-exec-3] DefaultHandlerExceptionResolver : Resolved [org.springframework.http.converter.HttpMessageNotReadableException: JSON parse error: Cannot construct instance of `br.com.researchbr.backendresearchbr.Entity.RoleEntity` (although at least one Creator exists): no String-argument constructor/factory method to deserialize from String value ('PRINCIPAL'); nested exception is com.fasterxml.jackson.databind.exc.MismatchedInputException: Cannot construct instance of `br.com.researchbr.backendresearchbr.Entity.RoleEntity` (although at least one Creator exists): no String-argument constructor/factory method to deserialize from String value ('PRINCIPAL')
 at [Source: (PushbackInputStream); line: 1, column: 97] (through reference chain: br.com.researchbr.backendresearchbr.DTO.UserDto["role"])]
2020-12-05 20:11:23,027 ERROR [http-nio-8080-exec-6] UserServiceImpl : Invalid username or password.
2020-12-05 20:11:23,155 INFO  [http-nio-8080-exec-6] TokenEndpoint : Handling error: InvalidGrantException, Bad credentials
2020-12-05 20:29:49,314 INFO  [http-nio-8080-exec-7] UserController : Saving a new user anonymousUser
2020-12-05 20:29:50,224 INFO  [http-nio-8080-exec-2] ProjectController : Finding projects.
2020-12-05 20:29:50,225 WARN  [http-nio-8080-exec-2] ProjectController : The list can return null if no projects are available!
2020-12-05 20:29:50,234 INFO  [http-nio-8080-exec-1] UserController : Get user data by username aaaa
2020-12-05 20:33:12,083 INFO  [http-nio-8080-exec-6] ProjectController : Finding projects.
2020-12-05 20:33:12,084 WARN  [http-nio-8080-exec-6] ProjectController : The list can return null if no projects are available!
2020-12-05 20:33:12,097 INFO  [http-nio-8080-exec-5] UserController : Get user data by username aaaa
2020-12-05 20:34:37,753 INFO  [http-nio-8080-exec-9] UserController : Get user data by username aaaa
2020-12-05 20:34:37,770 INFO  [http-nio-8080-exec-10] ProjectController : Finding projects.
2020-12-05 20:34:37,770 WARN  [http-nio-8080-exec-10] ProjectController : The list can return null if no projects are available!
2020-12-05 20:36:09,351 INFO  [http-nio-8080-exec-4] ProjectController : Finding projects.
2020-12-05 20:36:09,351 WARN  [http-nio-8080-exec-4] ProjectController : The list can return null if no projects are available!
2020-12-05 20:36:09,355 INFO  [http-nio-8080-exec-3] UserController : Get user data by username aaaa
2020-12-05 20:36:18,763 INFO  [http-nio-8080-exec-5] UserController : Get user data by username aaaa
2020-12-05 20:36:18,764 INFO  [http-nio-8080-exec-6] ProjectController : Finding projects.
2020-12-05 20:36:18,764 WARN  [http-nio-8080-exec-6] ProjectController : The list can return null if no projects are available!
2020-12-05 20:39:59,101 INFO  [http-nio-8080-exec-9] UserController : Get user data by username aaaa
2020-12-05 20:39:59,104 INFO  [http-nio-8080-exec-10] ProjectController : Finding projects.
2020-12-05 20:39:59,104 WARN  [http-nio-8080-exec-10] ProjectController : The list can return null if no projects are available!
